app/build/intermediates/manifest_merge_blame_file/debug/processDebugMainManifest/manifest-merger-blame-debug-report.txt
1<?xml version="1.0" encoding="utf-8"?>
2<manifest xmlns:android="http://schemas.android.com/apk/res/android"
3    package="com.example.patreg"
4    android:versionCode="1"
5    android:versionName="1.0" >
6
7    <uses-sdk
8        android:minSdkVersion="24"
9        android:targetSdkVersion="33" />
10
11    <!-- Permissions for Camera -->
12    <uses-permission android:name="android.permission.CAMERA" />
12-->src\main\AndroidManifest.xml:19:5-64
12-->src\main\AndroidManifest.xml:19:22-62
13    <uses-permission android:name="android.permission.WRITE_EXTERNAL_STORAGE" />
13-->src\main\AndroidManifest.xml:20:5-80
13-->src\main\AndroidManifest.xml:20:22-78
14    <uses-permission android:name="android.permission.READ_EXTERNAL_STORAGE" />
14-->src\main\AndroidManifest.xml:21:5-79
14-->src\main\AndroidManifest.xml:21:22-77
15
16    <permission
16-->[androidx.core:core:1.9.0] AndroidManifest.xml:22:5-24:47
17        android:name="com.example.patreg.DYNAMIC_RECEIVER_NOT_EXPORTED_PERMISSION"
17-->[androidx.core:core:1.9.0] AndroidManifest.xml:23:9-81
18        android:protectionLevel="signature" />
18-->[androidx.core:core:1.9.0] AndroidManifest.xml:24:9-44
19
20    <uses-permission android:name="com.example.patreg.DYNAMIC_RECEIVER_NOT_EXPORTED_PERMISSION" />
20-->[androidx.core:core:1.9.0] AndroidManifest.xml:26:5-97
20-->[androidx.core:core:1.9.0] AndroidManifest.xml:26:22-94
21
22    <application
22-->src\main\AndroidManifest.xml:4:5-16:19
23        android:appComponentFactory="androidx.core.app.CoreComponentFactory"
23-->[androidx.core:core:1.9.0] AndroidManifest.xml:28:18-86
24        android:debuggable="true"
25        android:extractNativeLibs="false"
26        android:label="@string/app_name"
26-->src\main\AndroidManifest.xml:5:9-41
27        android:theme="@style/Theme.PatReg" >
27-->src\main\AndroidManifest.xml:6:9-44
28        <activity
28-->src\main\AndroidManifest.xml:8:9-15:20
29            android:name="com.example.patreg.MainActivity"
29-->src\main\AndroidManifest.xml:8:19-47
30            android:exported="true"
30-->src\main\AndroidManifest.xml:10:13-36
31            android:label="@string/app_name" >
31-->src\main\AndroidManifest.xml:9:13-45
32            <intent-filter>
32-->src\main\AndroidManifest.xml:11:13-14:29
33                <action android:name="android.intent.action.MAIN" />
33-->src\main\AndroidManifest.xml:12:17-69
33-->src\main\AndroidManifest.xml:12:25-66
34
35                <category android:name="android.intent.category.LAUNCHER" />
35-->src\main\AndroidManifest.xml:13:17-77
35-->src\main\AndroidManifest.xml:13:27-74
36            </intent-filter>
37        </activity>
38
39        <provider
39-->[androidx.emoji2:emoji2:1.2.0] AndroidManifest.xml:24:9-32:20
40            android:name="androidx.startup.InitializationProvider"
40-->[androidx.emoji2:emoji2:1.2.0] AndroidManifest.xml:25:13-67
41            android:authorities="com.example.patreg.androidx-startup"
41-->[androidx.emoji2:emoji2:1.2.0] AndroidManifest.xml:26:13-68
42            android:exported="false" >
42-->[androidx.emoji2:emoji2:1.2.0] AndroidManifest.xml:27:13-37
43            <meta-data
43-->[androidx.emoji2:emoji2:1.2.0] AndroidManifest.xml:29:13-31:52
44                android:name="androidx.emoji2.text.EmojiCompatInitializer"
44-->[androidx.emoji2:emoji2:1.2.0] AndroidManifest.xml:30:17-75
45                android:value="androidx.startup" />
45-->[androidx.emoji2:emoji2:1.2.0] AndroidManifest.xml:31:17-49
46            <meta-data
46-->[androidx.lifecycle:lifecycle-process:2.4.1] AndroidManifest.xml:31:13-33:52
47                android:name="androidx.lifecycle.ProcessLifecycleInitializer"
47-->[androidx.lifecycle:lifecycle-process:2.4.1] AndroidManifest.xml:32:17-78
48                android:value="androidx.startup" />
48-->[androidx.lifecycle:lifecycle-process:2.4.1] AndroidManifest.xml:33:17-49
49        </provider>
50        <provider
50-->[com.squareup.picasso:picasso:2.71828] AndroidManifest.xml:8:9-11:40
51            android:name="com.squareup.picasso.PicassoProvider"
51-->[com.squareup.picasso:picasso:2.71828] AndroidManifest.xml:9:13-64
52            android:authorities="com.example.patreg.com.squareup.picasso"
52-->[com.squareup.picasso:picasso:2.71828] AndroidManifest.xml:10:13-72
53            android:exported="false" />
53-->[com.squareup.picasso:picasso:2.71828] AndroidManifest.xml:11:13-37
54    </application>
55
56</manifest>